<?xml version="1.0" encoding="UTF-8"?>
<coverage generated="1541567257335" clover="3.2.0">
  <project timestamp="1541567257335" name="All files">
    <metrics statements="17" coveredstatements="15" conditionals="2" coveredconditionals="1" methods="11" coveredmethods="10" elements="30" coveredelements="26" complexity="0" loc="17" ncloc="17" packages="4" files="4" classes="4">
      <package name="src">
        <metrics statements="10" coveredstatements="8" conditionals="0" coveredconditionals="0" methods="7" coveredmethods="6"/>
        <file name="App.vue" path="/Users/tomking/Desktop/Take-Home-Challenges/vue-museums/curaptor/src/App.vue">
          <metrics statements="10" coveredstatements="8" conditionals="0" coveredconditionals="0" methods="7" coveredmethods="6"/>
          <line num="3" count="1" type="stmt"/>
          <line num="4" count="1" type="stmt"/>
          <line num="9" count="4" type="stmt"/>
          <line num="17" count="5" type="stmt"/>
          <line num="18" count="5" type="stmt"/>
          <line num="20" count="5" type="stmt"/>
          <line num="23" count="0" type="stmt"/>
          <line num="24" count="0" type="stmt"/>
          <line num="26" count="5" type="stmt"/>
          <line num="33" count="4" type="stmt"/>
        </file>
      </package>
      <package name="src.components">
        <metrics statements="1" coveredstatements="1" conditionals="0" coveredconditionals="0" methods="1" coveredmethods="1"/>
        <file name="Gallery.vue" path="/Users/tomking/Desktop/Take-Home-Challenges/vue-museums/curaptor/src/components/Gallery.vue">
          <metrics statements="1" coveredstatements="1" conditionals="0" coveredconditionals="0" methods="1" coveredmethods="1"/>
          <line num="5" count="1" type="stmt"/>
        </file>
      </package>
      <package name="src.services.api">
        <metrics statements="5" coveredstatements="5" conditionals="2" coveredconditionals="1" methods="3" coveredmethods="3"/>
        <file name="GalleryData.js" path="/Users/tomking/Desktop/Take-Home-Challenges/vue-museums/curaptor/src/services/api/GalleryData.js">
          <metrics statements="5" coveredstatements="5" conditionals="2" coveredconditionals="1" methods="3" coveredmethods="3"/>
          <line num="5" count="5" type="stmt"/>
          <line num="13" count="5" type="stmt"/>
          <line num="14" count="5" type="stmt"/>
          <line num="20" count="5" type="cond" truecount="1" falsecount="1"/>
          <line num="23" count="5" type="stmt"/>
        </file>
      </package>
      <package name="src.services.config">
        <metrics statements="1" coveredstatements="1" conditionals="0" coveredconditionals="0" methods="0" coveredmethods="0"/>
        <file name="axios.js" path="/Users/tomking/Desktop/Take-Home-Challenges/vue-museums/curaptor/src/services/config/axios.js">
          <metrics statements="1" coveredstatements="1" conditionals="0" coveredconditionals="0" methods="0" coveredmethods="0"/>
          <line num="3" count="1" type="stmt"/>
        </file>
      </package>
    </metrics>
  </project>
</coverage>
