{"/Users/tomking/Desktop/Take-Home-Challenges/vue-museums/curaptor/src/App.vue": {"path":"/Users/tomking/Desktop/Take-Home-Challenges/vue-museums/curaptor/src/App.vue","statementMap":{"0":{"start":{"line":3,"column":0},"end":{"line":null,"column":-1}},"1":{"start":{"line":4,"column":0},"end":{"line":null,"column":-1}},"2":{"start":{"line":9,"column":4},"end":{"line":null,"column":-1}},"3":{"start":{"line":17,"column":23},"end":{"line":null,"column":-1}},"4":{"start":{"line":18,"column":6},"end":{"line":null,"column":-1}},"5":{"start":{"line":20,"column":10},"end":{"line":null,"column":-1}},"6":{"start":{"line":20,"column":32},"end":{"line":null,"column":-1}},"7":{"start":{"line":23,"column":10},"end":{"line":null,"column":-1}},"8":{"start":{"line":24,"column":10},"end":{"line":null,"column":-1}},"9":{"start":{"line":26,"column":17},"end":{"line":null,"column":-1}},"10":{"start":{"line":33,"column":4},"end":{"line":null,"column":-1}}},"fnMap":{"0":{"name":"data","decl":{"start":{"line":6,"column":15},"end":{"line":8,"column":9}},"loc":{"start":{"line":8,"column":10},"end":{"line":6,"column":15}}},"1":{"name":"searchGalleries","decl":{"start":{"line":16,"column":11},"end":{"line":17,"column":22}},"loc":{"start":{"line":17,"column":23},"end":{"line":27,"column":5}}},"2":{"name":"(anonymous_3)","decl":{"start":{"line":19,"column":14},"end":{"line":19,"column":20}},"loc":{"start":{"line":19,"column":21},"end":{"line":18,"column":6}}},"3":{"name":"(anonymous_4)","decl":{"start":{"line":20,"column":32},"end":{"line":null,"column":-1}},"loc":{"start":{"line":20,"column":32},"end":{"line":20,"column":21}}},"4":{"name":"(anonymous_5)","decl":{"start":{"line":22,"column":15},"end":{"line":22,"column":23}},"loc":{"start":{"line":22,"column":24},"end":{"line":18,"column":6}}},"5":{"name":"(anonymous_6)","decl":{"start":{"line":26,"column":17},"end":{"line":null,"column":-1}},"loc":{"start":{"line":26,"column":17},"end":{"line":18,"column":6}}},"6":{"name":"mounted","decl":{"start":{"line":6,"column":15},"end":{"line":32,"column":12}},"loc":{"start":{"line":32,"column":13},"end":{"line":34,"column":3}}}},"branchMap":{},"s":{"0":1,"1":1,"2":4,"3":5,"4":5,"5":5,"6":5,"7":0,"8":0,"9":5,"10":4},"f":{"0":4,"1":5,"2":5,"3":5,"4":0,"5":5,"6":4},"b":{}}
,"/Users/tomking/Desktop/Take-Home-Challenges/vue-museums/curaptor/src/components/Gallery.vue": {"path":"/Users/tomking/Desktop/Take-Home-Challenges/vue-museums/curaptor/src/components/Gallery.vue","statementMap":{"0":{"start":{"line":5,"column":4},"end":{"line":null,"column":-1}}},"fnMap":{"0":{"name":"data","decl":{"start":{"line":2,"column":15},"end":{"line":4,"column":9}},"loc":{"start":{"line":4,"column":10},"end":{"line":2,"column":15}}}},"branchMap":{},"s":{"0":1},"f":{"0":1},"b":{}}
,"/Users/tomking/Desktop/Take-Home-Challenges/vue-museums/curaptor/src/services/api/GalleryData.js": {"path":"/Users/tomking/Desktop/Take-Home-Challenges/vue-museums/curaptor/src/services/api/GalleryData.js","statementMap":{"0":{"start":{"line":5,"column":4},"end":{"line":24,"column":6}},"1":{"start":{"line":13,"column":20},"end":{"line":22,"column":8}},"2":{"start":{"line":14,"column":8},"end":{"line":21,"column":10}},"3":{"start":{"line":20,"column":10},"end":{"line":20,"column":55}},"4":{"start":{"line":20,"column":39},"end":{"line":20,"column":55}},"5":{"start":{"line":23,"column":6},"end":{"line":23,"column":32}}},"fnMap":{"0":{"name":"(anonymous_0)","decl":{"start":{"line":12,"column":10},"end":{"line":12,"column":11}},"loc":{"start":{"line":12,"column":17},"end":{"line":24,"column":5}},"line":12},"1":{"name":"(anonymous_1)","decl":{"start":{"line":13,"column":41},"end":{"line":13,"column":42}},"loc":{"start":{"line":13,"column":46},"end":{"line":22,"column":7}},"line":13},"2":{"name":"(anonymous_2)","decl":{"start":{"line":18,"column":14},"end":{"line":18,"column":15}},"loc":{"start":{"line":18,"column":21},"end":{"line":21,"column":9}},"line":18}},"branchMap":{"0":{"loc":{"start":{"line":20,"column":10},"end":{"line":20,"column":55}},"type":"if","locations":[{"start":{"line":20,"column":10},"end":{"line":20,"column":55}},{"start":{"line":20,"column":10},"end":{"line":20,"column":55}}],"line":20}},"s":{"0":5,"1":5,"2":5,"3":5,"4":5,"5":5},"f":{"0":5,"1":5,"2":5},"b":{"0":[5,0]},"_coverageSchema":"332fd63041d2c1bcb487cc26dd0d5f7d97098a6c","hash":"377478445b5f00c2de1a503bb42173fdf18c918e"}
,"/Users/tomking/Desktop/Take-Home-Challenges/vue-museums/curaptor/src/services/config/axios.js": {"path":"/Users/tomking/Desktop/Take-Home-Challenges/vue-museums/curaptor/src/services/config/axios.js","statementMap":{"0":{"start":{"line":3,"column":0},"end":{"line":3,"column":60}}},"fnMap":{},"branchMap":{},"s":{"0":1},"f":{},"b":{},"_coverageSchema":"332fd63041d2c1bcb487cc26dd0d5f7d97098a6c","hash":"8677c0f32095982e7a2b23de7cc51df536da2217"}
}
