TN:
SF:/Users/tomking/Desktop/Take-Home-Challenges/vue-museums/curaptor/src/App.vue
FN:6,data
FN:16,searchGalleries
FN:19,(anonymous_3)
FN:20,(anonymous_4)
FN:22,(anonymous_5)
FN:26,(anonymous_6)
FN:6,mounted
FNF:7
FNH:6
FNDA:4,data
FNDA:5,searchGalleries
FNDA:5,(anonymous_3)
FNDA:5,(anonymous_4)
FNDA:0,(anonymous_5)
FNDA:5,(anonymous_6)
FNDA:4,mounted
DA:3,1
DA:4,1
DA:9,4
DA:17,5
DA:18,5
DA:20,5
DA:23,0
DA:24,0
DA:26,5
DA:33,4
LF:10
LH:8
BRF:0
BRH:0
end_of_record
TN:
SF:/Users/tomking/Desktop/Take-Home-Challenges/vue-museums/curaptor/src/components/Gallery.vue
FN:2,data
FNF:1
FNH:1
FNDA:1,data
DA:5,1
LF:1
LH:1
BRF:0
BRH:0
end_of_record
TN:
SF:/Users/tomking/Desktop/Take-Home-Challenges/vue-museums/curaptor/src/services/api/GalleryData.js
FN:12,(anonymous_0)
FN:13,(anonymous_1)
FN:18,(anonymous_2)
FNF:3
FNH:3
FNDA:5,(anonymous_0)
FNDA:5,(anonymous_1)
FNDA:5,(anonymous_2)
DA:5,5
DA:13,5
DA:14,5
DA:20,5
DA:23,5
LF:5
LH:5
BRDA:20,0,0,5
BRDA:20,0,1,0
BRF:2
BRH:1
end_of_record
TN:
SF:/Users/tomking/Desktop/Take-Home-Challenges/vue-museums/curaptor/src/services/config/axios.js
FNF:0
FNH:0
DA:3,1
LF:1
LH:1
BRF:0
BRH:0
end_of_record
